Using pre-set license
Built from '2020.3/release' branch; Version is '2020.3.12f1 (b3b2c6512326) revision 11776710'; Using compiler version '192528614'; Build Type 'Release'
OS: 'Windows 10 Home Single Language; OS build 19044.1645; Version 2009; 64bit' Language: 'pt' Physical Memory: 16196 MB
BatchMode: 1, IsHumanControllingUs: 0, StartBugReporterOnCrash: 0, Is64bit: 1, IsPro: 0

 COMMAND LINE ARGUMENTS:
C:\Program Files\Unity\Hub\Editor\2020.3.12f1\Editor\Unity.exe
-adb2
-batchMode
-noUpm
-name
AssetImportWorker0
-projectPath
C:/Users/livia/OneDrive/Área de Trabalho/Gamelab/FACAMP
-logFile
Logs/AssetImportWorker0.log
-srvPort
51647
Successfully changed project path to: C:/Users/livia/OneDrive/Área de Trabalho/Gamelab/FACAMP
C:/Users/livia/OneDrive/Área de Trabalho/Gamelab/FACAMP
Using Asset Import Pipeline V2.
Refreshing native plugins compatible for Editor in 145.08 ms, found 2 plugins.
Preloading 0 native plugins for Editor in 0.00 ms.
Initialize engine version: 2020.3.12f1 (b3b2c6512326)
[Subsystems] Discovering subsystems at path C:/Program Files/Unity/Hub/Editor/2020.3.12f1/Editor/Data/Resources/UnitySubsystems
[Subsystems] Discovering subsystems at path C:/Users/livia/OneDrive/Área de Trabalho/Gamelab/FACAMP/Assets
GfxDevice: creating device client; threaded=0
Direct3D:
    Version:  Direct3D 11.0 [level 11.1]
    Renderer: NVIDIA GeForce RTX 2060 (ID=0x1f11)
    Vendor:   
    VRAM:     5980 MB
    Driver:   27.21.14.6231
Initialize mono
Mono path[0] = 'C:/Program Files/Unity/Hub/Editor/2020.3.12f1/Editor/Data/Managed'
Mono path[1] = 'C:/Program Files/Unity/Hub/Editor/2020.3.12f1/Editor/Data/MonoBleedingEdge/lib/mono/unityjit'
Mono config path = 'C:/Program Files/Unity/Hub/Editor/2020.3.12f1/Editor/Data/MonoBleedingEdge/etc'
Using monoOptions --debugger-agent=transport=dt_socket,embedding=1,server=y,suspend=n,address=127.0.0.1:56584
Begin MonoManager ReloadAssembly
Registering precompiled unity dll's ...
Register platform support module: C:/Program Files/Unity/Hub/Editor/2020.3.12f1/Editor/Data/PlaybackEngines/WindowsStandaloneSupport/UnityEditor.WindowsStandalone.Extensions.dll
Registered in 0.015015 seconds.
Native extension for WindowsStandalone target not found
Refreshing native plugins compatible for Editor in 115.75 ms, found 2 plugins.
Preloading 0 native plugins for Editor in 0.00 ms.
Mono: successfully reloaded assembly
- Completed reload, in  5.926 seconds
Platform modules already initialized, skipping
Registering precompiled user dll's ...
Registered in 0.021318 seconds.
Begin MonoManager ReloadAssembly
Native extension for WindowsStandalone target not found
Refreshing native plugins compatible for Editor in 1.11 ms, found 2 plugins.
Preloading 0 native plugins for Editor in 0.00 ms.
Mono: successfully reloaded assembly
- Completed reload, in  5.319 seconds
Platform modules already initialized, skipping
========================================================================
Worker process is ready to serve import requests
Launched and connected shader compiler UnityShaderCompiler.exe after 0.19 seconds
Refreshing native plugins compatible for Editor in 1.26 ms, found 2 plugins.
Preloading 0 native plugins for Editor in 0.00 ms.
Unloading 1399 Unused Serialized files (Serialized files now loaded: 0)
System memory in use before: 66.9 MB.
System memory in use after: 66.9 MB.

Unloading 19 unused Assets to reduce memory usage. Loaded Objects now: 1833.
Total: 6.382400 ms (FindLiveObjects: 0.568900 ms CreateObjectMapping: 0.325400 ms MarkObjects: 5.260400 ms  DeleteObjects: 0.224400 ms)

AssetImportParameters requested are different than current active one (requested -> active):
  custom:framework-win-MediaFoundation: 216162199b28c13a410421893ffa2e32 -> 
  custom:video-decoder-ogg-theora: a1e56fd34408186e4bbccfd4996cb3dc -> 
  custom:container-muxer-webm: aa71ff27fc2769a1b78a27578f13a17b -> 
  custom:container-demuxer-webm: 4f35f7cbe854078d1ac9338744f61a02 -> 
  custom:container-demuxer-ogg: 62fdf1f143b41e24485cea50d1cbac27 -> 
  custom:video-encoder-webm-vp8: eb34c28f22e8b96e1ab97ce403110664 -> 
  custom:video-decoder-webm-vp8: 9c59270c3fd7afecdb556c50c9e8de78 -> 
  custom:audio-decoder-ogg-vorbis: bf7c407c2cedff20999df2af8eb42d56 -> 
  custom:audio-encoder-webm-vorbis: bf7c407c2cedff20999df2af8eb42d56 -> 
========================================================================
Received Import Request.
  path: Assets/Scenes/Intro.unity
  artifactKey: Guid(9fc0d4010bbf28b4594072e72b8655ab) Importer(815301076,1909f56bfc062723c751e8b465ee728b)
Start importing Assets/Scenes/Intro.unity using Guid(9fc0d4010bbf28b4594072e72b8655ab) Importer(815301076,1909f56bfc062723c751e8b465ee728b)  -> (artifact id: 'b79cebe98c07575a6fa33b4407d4ff7e') in 0.073860 seconds 
  Import took 0.112646 seconds .

========================================================================
Received Import Request.
  Time since last request: 1.258274 seconds.
  path: Assets/Scenes/Menu.unity
  artifactKey: Guid(c0aa6e20b0e3b9a4eba7a7099b92c23c) Importer(815301076,1909f56bfc062723c751e8b465ee728b)
Start importing Assets/Scenes/Menu.unity using Guid(c0aa6e20b0e3b9a4eba7a7099b92c23c) Importer(815301076,1909f56bfc062723c751e8b465ee728b)  -> (artifact id: 'b7cba160513bf0dec4f89d69aafae8db') in 0.006554 seconds 
  Import took 0.019171 seconds .

========================================================================
Received Prepare
Registering precompiled user dll's ...
Registered in 0.025478 seconds.
Begin MonoManager ReloadAssembly
Native extension for WindowsStandalone target not found
Refreshing native plugins compatible for Editor in 0.80 ms, found 2 plugins.
Preloading 0 native plugins for Editor in 0.00 ms.
Mono: successfully reloaded assembly
- Completed reload, in  5.497 seconds
Platform modules already initialized, skipping
Refreshing native plugins compatible for Editor in 1.18 ms, found 2 plugins.
Preloading 0 native plugins for Editor in 0.00 ms.
Unloading 1381 Unused Serialized files (Serialized files now loaded: 0)
System memory in use before: 65.5 MB.
System memory in use after: 65.6 MB.

Unloading 14 unused Assets to reduce memory usage. Loaded Objects now: 1836.
Total: 8.999500 ms (FindLiveObjects: 0.553500 ms CreateObjectMapping: 0.253200 ms MarkObjects: 7.968200 ms  DeleteObjects: 0.219200 ms)

AssetImportParameters requested are different than current active one (requested -> active):
  custom:framework-win-MediaFoundation: 216162199b28c13a410421893ffa2e32 -> 
  custom:video-decoder-ogg-theora: a1e56fd34408186e4bbccfd4996cb3dc -> 
  custom:container-muxer-webm: aa71ff27fc2769a1b78a27578f13a17b -> 
  custom:container-demuxer-webm: 4f35f7cbe854078d1ac9338744f61a02 -> 
  custom:container-demuxer-ogg: 62fdf1f143b41e24485cea50d1cbac27 -> 
  custom:video-encoder-webm-vp8: eb34c28f22e8b96e1ab97ce403110664 -> 
  custom:video-decoder-webm-vp8: 9c59270c3fd7afecdb556c50c9e8de78 -> 
  custom:audio-decoder-ogg-vorbis: bf7c407c2cedff20999df2af8eb42d56 -> 
  custom:audio-encoder-webm-vorbis: bf7c407c2cedff20999df2af8eb42d56 -> 
========================================================================
Received Prepare
Registering precompiled user dll's ...
Registered in 0.030868 seconds.
Begin MonoManager ReloadAssembly
Native extension for WindowsStandalone target not found
Refreshing native plugins compatible for Editor in 0.95 ms, found 2 plugins.
Preloading 0 native plugins for Editor in 0.00 ms.
Mono: successfully reloaded assembly
- Completed reload, in  5.250 seconds
Platform modules already initialized, skipping
Refreshing native plugins compatible for Editor in 1.15 ms, found 2 plugins.
Preloading 0 native plugins for Editor in 0.00 ms.
Unloading 1381 Unused Serialized files (Serialized files now loaded: 0)
System memory in use before: 65.6 MB.
System memory in use after: 65.6 MB.

Unloading 14 unused Assets to reduce memory usage. Loaded Objects now: 1839.
Total: 15.455700 ms (FindLiveObjects: 0.494700 ms CreateObjectMapping: 0.206400 ms MarkObjects: 14.523700 ms  DeleteObjects: 0.226400 ms)

AssetImportParameters requested are different than current active one (requested -> active):
  custom:framework-win-MediaFoundation: 216162199b28c13a410421893ffa2e32 -> 
  custom:video-decoder-ogg-theora: a1e56fd34408186e4bbccfd4996cb3dc -> 
  custom:container-muxer-webm: aa71ff27fc2769a1b78a27578f13a17b -> 
  custom:container-demuxer-webm: 4f35f7cbe854078d1ac9338744f61a02 -> 
  custom:container-demuxer-ogg: 62fdf1f143b41e24485cea50d1cbac27 -> 
  custom:video-encoder-webm-vp8: eb34c28f22e8b96e1ab97ce403110664 -> 
  custom:video-decoder-webm-vp8: 9c59270c3fd7afecdb556c50c9e8de78 -> 
  custom:audio-decoder-ogg-vorbis: bf7c407c2cedff20999df2af8eb42d56 -> 
  custom:audio-encoder-webm-vorbis: bf7c407c2cedff20999df2af8eb42d56 -> 
========================================================================
Received Prepare
Registering precompiled user dll's ...
Registered in 0.009272 seconds.
Begin MonoManager ReloadAssembly
Native extension for WindowsStandalone target not found
Refreshing native plugins compatible for Editor in 0.34 ms, found 2 plugins.
Preloading 0 native plugins for Editor in 0.00 ms.
Mono: successfully reloaded assembly
- Completed reload, in  1.625 seconds
Platform modules already initialized, skipping
Refreshing native plugins compatible for Editor in 0.38 ms, found 2 plugins.
Preloading 0 native plugins for Editor in 0.00 ms.
Unloading 1381 Unused Serialized files (Serialized files now loaded: 0)
System memory in use before: 65.6 MB.
System memory in use after: 65.7 MB.

Unloading 14 unused Assets to reduce memory usage. Loaded Objects now: 1842.
Total: 2.780200 ms (FindLiveObjects: 0.208800 ms CreateObjectMapping: 0.047900 ms MarkObjects: 2.403500 ms  DeleteObjects: 0.119000 ms)

AssetImportParameters requested are different than current active one (requested -> active):
  custom:framework-win-MediaFoundation: 216162199b28c13a410421893ffa2e32 -> 
  custom:video-decoder-ogg-theora: a1e56fd34408186e4bbccfd4996cb3dc -> 
  custom:container-muxer-webm: aa71ff27fc2769a1b78a27578f13a17b -> 
  custom:container-demuxer-webm: 4f35f7cbe854078d1ac9338744f61a02 -> 
  custom:container-demuxer-ogg: 62fdf1f143b41e24485cea50d1cbac27 -> 
  custom:video-encoder-webm-vp8: eb34c28f22e8b96e1ab97ce403110664 -> 
  custom:video-decoder-webm-vp8: 9c59270c3fd7afecdb556c50c9e8de78 -> 
  custom:audio-decoder-ogg-vorbis: bf7c407c2cedff20999df2af8eb42d56 -> 
  custom:audio-encoder-webm-vorbis: bf7c407c2cedff20999df2af8eb42d56 -> 
========================================================================
Received Prepare
Registering precompiled user dll's ...
Registered in 0.011967 seconds.
Begin MonoManager ReloadAssembly
Native extension for WindowsStandalone target not found
Refreshing native plugins compatible for Editor in 0.49 ms, found 2 plugins.
Preloading 0 native plugins for Editor in 0.00 ms.
Mono: successfully reloaded assembly
- Completed reload, in  1.565 seconds
Platform modules already initialized, skipping
Refreshing native plugins compatible for Editor in 0.36 ms, found 2 plugins.
Preloading 0 native plugins for Editor in 0.00 ms.
Unloading 1381 Unused Serialized files (Serialized files now loaded: 0)
System memory in use before: 65.6 MB.
System memory in use after: 65.7 MB.

Unloading 14 unused Assets to reduce memory usage. Loaded Objects now: 1845.
Total: 3.339400 ms (FindLiveObjects: 0.270900 ms CreateObjectMapping: 0.260100 ms MarkObjects: 2.685400 ms  DeleteObjects: 0.121800 ms)

AssetImportParameters requested are different than current active one (requested -> active):
  custom:framework-win-MediaFoundation: 216162199b28c13a410421893ffa2e32 -> 
  custom:video-decoder-ogg-theora: a1e56fd34408186e4bbccfd4996cb3dc -> 
  custom:container-muxer-webm: aa71ff27fc2769a1b78a27578f13a17b -> 
  custom:container-demuxer-webm: 4f35f7cbe854078d1ac9338744f61a02 -> 
  custom:container-demuxer-ogg: 62fdf1f143b41e24485cea50d1cbac27 -> 
  custom:video-encoder-webm-vp8: eb34c28f22e8b96e1ab97ce403110664 -> 
  custom:video-decoder-webm-vp8: 9c59270c3fd7afecdb556c50c9e8de78 -> 
  custom:audio-decoder-ogg-vorbis: bf7c407c2cedff20999df2af8eb42d56 -> 
  custom:audio-encoder-webm-vorbis: bf7c407c2cedff20999df2af8eb42d56 -> 
========================================================================
Received Prepare
Registering precompiled user dll's ...
Registered in 0.008519 seconds.
Begin MonoManager ReloadAssembly
Native extension for WindowsStandalone target not found
Refreshing native plugins compatible for Editor in 0.40 ms, found 2 plugins.
Preloading 0 native plugins for Editor in 0.00 ms.
Mono: successfully reloaded assembly
- Completed reload, in  2.156 seconds
Platform modules already initialized, skipping
Refreshing native plugins compatible for Editor in 0.63 ms, found 2 plugins.
Preloading 0 native plugins for Editor in 0.00 ms.
Unloading 1381 Unused Serialized files (Serialized files now loaded: 0)
System memory in use before: 65.6 MB.
System memory in use after: 65.7 MB.

Unloading 14 unused Assets to reduce memory usage. Loaded Objects now: 1848.
Total: 3.107800 ms (FindLiveObjects: 0.251100 ms CreateObjectMapping: 0.070400 ms MarkObjects: 2.708900 ms  DeleteObjects: 0.074100 ms)

AssetImportParameters requested are different than current active one (requested -> active):
  custom:framework-win-MediaFoundation: 216162199b28c13a410421893ffa2e32 -> 
  custom:video-decoder-ogg-theora: a1e56fd34408186e4bbccfd4996cb3dc -> 
  custom:container-muxer-webm: aa71ff27fc2769a1b78a27578f13a17b -> 
  custom:container-demuxer-webm: 4f35f7cbe854078d1ac9338744f61a02 -> 
  custom:container-demuxer-ogg: 62fdf1f143b41e24485cea50d1cbac27 -> 
  custom:video-encoder-webm-vp8: eb34c28f22e8b96e1ab97ce403110664 -> 
  custom:video-decoder-webm-vp8: 9c59270c3fd7afecdb556c50c9e8de78 -> 
  custom:audio-decoder-ogg-vorbis: bf7c407c2cedff20999df2af8eb42d56 -> 
  custom:audio-encoder-webm-vorbis: bf7c407c2cedff20999df2af8eb42d56 -> 
========================================================================
Received Prepare
Registering precompiled user dll's ...
Registered in 0.007279 seconds.
Begin MonoManager ReloadAssembly
Native extension for WindowsStandalone target not found
Refreshing native plugins compatible for Editor in 0.46 ms, found 2 plugins.
Preloading 0 native plugins for Editor in 0.00 ms.
Mono: successfully reloaded assembly
- Completed reload, in  1.499 seconds
Platform modules already initialized, skipping
Refreshing native plugins compatible for Editor in 0.62 ms, found 2 plugins.
Preloading 0 native plugins for Editor in 0.00 ms.
Unloading 1381 Unused Serialized files (Serialized files now loaded: 0)
System memory in use before: 65.6 MB.
System memory in use after: 65.7 MB.

Unloading 14 unused Assets to reduce memory usage. Loaded Objects now: 1851.
Total: 3.409100 ms (FindLiveObjects: 0.311900 ms CreateObjectMapping: 0.103000 ms MarkObjects: 2.832400 ms  DeleteObjects: 0.159800 ms)

AssetImportParameters requested are different than current active one (requested -> active):
  custom:framework-win-MediaFoundation: 216162199b28c13a410421893ffa2e32 -> 
  custom:video-decoder-ogg-theora: a1e56fd34408186e4bbccfd4996cb3dc -> 
  custom:container-muxer-webm: aa71ff27fc2769a1b78a27578f13a17b -> 
  custom:container-demuxer-webm: 4f35f7cbe854078d1ac9338744f61a02 -> 
  custom:container-demuxer-ogg: 62fdf1f143b41e24485cea50d1cbac27 -> 
  custom:video-encoder-webm-vp8: eb34c28f22e8b96e1ab97ce403110664 -> 
  custom:video-decoder-webm-vp8: 9c59270c3fd7afecdb556c50c9e8de78 -> 
  custom:audio-decoder-ogg-vorbis: bf7c407c2cedff20999df2af8eb42d56 -> 
  custom:audio-encoder-webm-vorbis: bf7c407c2cedff20999df2af8eb42d56 -> 
========================================================================
Received Import Request.
  Time since last request: 2637.328399 seconds.
  path: Assets/Scripts
  artifactKey: Guid(b33b4d65c40f1084fbac9aa3ce35af7a) Importer(815301076,1909f56bfc062723c751e8b465ee728b)
Start importing Assets/Scripts using Guid(b33b4d65c40f1084fbac9aa3ce35af7a) Importer(815301076,1909f56bfc062723c751e8b465ee728b)  -> (artifact id: '3779830eb4d938984cab00e84734756b') in 0.011457 seconds 
  Import took 0.020939 seconds .

========================================================================
Received Prepare
Registering precompiled user dll's ...
Registered in 0.008452 seconds.
Begin MonoManager ReloadAssembly
Native extension for WindowsStandalone target not found
Refreshing native plugins compatible for Editor in 0.35 ms, found 2 plugins.
Preloading 0 native plugins for Editor in 0.00 ms.
Mono: successfully reloaded assembly
- Completed reload, in  1.463 seconds
Platform modules already initialized, skipping
Refreshing native plugins compatible for Editor in 0.52 ms, found 2 plugins.
Preloading 0 native plugins for Editor in 0.00 ms.
Unloading 1382 Unused Serialized files (Serialized files now loaded: 0)
System memory in use before: 65.6 MB.
System memory in use after: 65.7 MB.

Unloading 14 unused Assets to reduce memory usage. Loaded Objects now: 1855.
Total: 2.797700 ms (FindLiveObjects: 0.179800 ms CreateObjectMapping: 0.047500 ms MarkObjects: 2.482600 ms  DeleteObjects: 0.086600 ms)

AssetImportParameters requested are different than current active one (requested -> active):
  custom:framework-win-MediaFoundation: 216162199b28c13a410421893ffa2e32 -> 
  custom:video-decoder-ogg-theora: a1e56fd34408186e4bbccfd4996cb3dc -> 
  custom:container-muxer-webm: aa71ff27fc2769a1b78a27578f13a17b -> 
  custom:container-demuxer-webm: 4f35f7cbe854078d1ac9338744f61a02 -> 
  custom:container-demuxer-ogg: 62fdf1f143b41e24485cea50d1cbac27 -> 
  custom:video-encoder-webm-vp8: eb34c28f22e8b96e1ab97ce403110664 -> 
  custom:video-decoder-webm-vp8: 9c59270c3fd7afecdb556c50c9e8de78 -> 
  custom:audio-decoder-ogg-vorbis: bf7c407c2cedff20999df2af8eb42d56 -> 
  custom:audio-encoder-webm-vorbis: bf7c407c2cedff20999df2af8eb42d56 -> 
========================================================================
Received Import Request.
  Time since last request: 21.139563 seconds.
  path: Assets/Scripts/NewBehaviourScript.cs
  artifactKey: Guid(3a393560fbfa3764faf92a7092da997a) Importer(815301076,1909f56bfc062723c751e8b465ee728b)
Start importing Assets/Scripts/NewBehaviourScript.cs using Guid(3a393560fbfa3764faf92a7092da997a) Importer(815301076,1909f56bfc062723c751e8b465ee728b)  -> (artifact id: 'a6a4b4fa5b1d146d07bbf7933092e40a') in 0.152481 seconds 
  Import took 0.158951 seconds .

========================================================================
Received Import Request.
  Time since last request: 137.817483 seconds.
  path: Assets/Scripts/ChangeScene.cs
  artifactKey: Guid(3a393560fbfa3764faf92a7092da997a) Importer(815301076,1909f56bfc062723c751e8b465ee728b)
Start importing Assets/Scripts/ChangeScene.cs using Guid(3a393560fbfa3764faf92a7092da997a) Importer(815301076,1909f56bfc062723c751e8b465ee728b)  -> (artifact id: '1b408efec8388fdd64c538324bd7e726') in 0.004943 seconds 
  Import took 0.014259 seconds .

========================================================================
Received Prepare
Registering precompiled user dll's ...
Registered in 0.008693 seconds.
Begin MonoManager ReloadAssembly
Native extension for WindowsStandalone target not found
Refreshing native plugins compatible for Editor in 0.29 ms, found 2 plugins.
Preloading 0 native plugins for Editor in 0.00 ms.
Mono: successfully reloaded assembly
- Completed reload, in  1.463 seconds
Platform modules already initialized, skipping
Refreshing native plugins compatible for Editor in 0.39 ms, found 2 plugins.
Preloading 0 native plugins for Editor in 0.00 ms.
Unloading 1382 Unused Serialized files (Serialized files now loaded: 0)
System memory in use before: 65.6 MB.
System memory in use after: 65.7 MB.

Unloading 14 unused Assets to reduce memory usage. Loaded Objects now: 1858.
Total: 3.570500 ms (FindLiveObjects: 0.261600 ms CreateObjectMapping: 0.057000 ms MarkObjects: 3.065900 ms  DeleteObjects: 0.184700 ms)

AssetImportParameters requested are different than current active one (requested -> active):
  custom:framework-win-MediaFoundation: 216162199b28c13a410421893ffa2e32 -> 
  custom:video-decoder-ogg-theora: a1e56fd34408186e4bbccfd4996cb3dc -> 
  custom:container-muxer-webm: aa71ff27fc2769a1b78a27578f13a17b -> 
  custom:container-demuxer-webm: 4f35f7cbe854078d1ac9338744f61a02 -> 
  custom:container-demuxer-ogg: 62fdf1f143b41e24485cea50d1cbac27 -> 
  custom:video-encoder-webm-vp8: eb34c28f22e8b96e1ab97ce403110664 -> 
  custom:video-decoder-webm-vp8: 9c59270c3fd7afecdb556c50c9e8de78 -> 
  custom:audio-decoder-ogg-vorbis: bf7c407c2cedff20999df2af8eb42d56 -> 
  custom:audio-encoder-webm-vorbis: bf7c407c2cedff20999df2af8eb42d56 -> 
========================================================================
Received Prepare
Registering precompiled user dll's ...
Registered in 0.007183 seconds.
Begin MonoManager ReloadAssembly
Native extension for WindowsStandalone target not found
Refreshing native plugins compatible for Editor in 0.46 ms, found 2 plugins.
Preloading 0 native plugins for Editor in 0.00 ms.
Mono: successfully reloaded assembly
- Completed reload, in  1.086 seconds
Platform modules already initialized, skipping
Refreshing native plugins compatible for Editor in 0.29 ms, found 2 plugins.
Preloading 0 native plugins for Editor in 0.00 ms.
Unloading 1382 Unused Serialized files (Serialized files now loaded: 0)
System memory in use before: 65.6 MB.
System memory in use after: 65.7 MB.

Unloading 14 unused Assets to reduce memory usage. Loaded Objects now: 1861.
Total: 1.946100 ms (FindLiveObjects: 0.142700 ms CreateObjectMapping: 0.040400 ms MarkObjects: 1.709000 ms  DeleteObjects: 0.053100 ms)

AssetImportParameters requested are different than current active one (requested -> active):
  custom:framework-win-MediaFoundation: 216162199b28c13a410421893ffa2e32 -> 
  custom:video-decoder-ogg-theora: a1e56fd34408186e4bbccfd4996cb3dc -> 
  custom:container-muxer-webm: aa71ff27fc2769a1b78a27578f13a17b -> 
  custom:container-demuxer-webm: 4f35f7cbe854078d1ac9338744f61a02 -> 
  custom:container-demuxer-ogg: 62fdf1f143b41e24485cea50d1cbac27 -> 
  custom:video-encoder-webm-vp8: eb34c28f22e8b96e1ab97ce403110664 -> 
  custom:video-decoder-webm-vp8: 9c59270c3fd7afecdb556c50c9e8de78 -> 
  custom:audio-decoder-ogg-vorbis: bf7c407c2cedff20999df2af8eb42d56 -> 
  custom:audio-encoder-webm-vorbis: bf7c407c2cedff20999df2af8eb42d56 -> 
========================================================================
Received Import Request.
  Time since last request: 856.324918 seconds.
  path: Assets/Scripts/ChangeScene.cs
  artifactKey: Guid(3a393560fbfa3764faf92a7092da997a) Importer(815301076,1909f56bfc062723c751e8b465ee728b)
Start importing Assets/Scripts/ChangeScene.cs using Guid(3a393560fbfa3764faf92a7092da997a) Importer(815301076,1909f56bfc062723c751e8b465ee728b)  -> (artifact id: '875b7653147bb21d3248931b264a4b07') in 0.004968 seconds 
  Import took 0.008744 seconds .

========================================================================
Received Prepare
Registering precompiled user dll's ...
Registered in 0.006243 seconds.
Begin MonoManager ReloadAssembly
Native extension for WindowsStandalone target not found
Refreshing native plugins compatible for Editor in 0.30 ms, found 2 plugins.
Preloading 0 native plugins for Editor in 0.00 ms.
Mono: successfully reloaded assembly
- Completed reload, in  1.060 seconds
Platform modules already initialized, skipping
Refreshing native plugins compatible for Editor in 0.47 ms, found 2 plugins.
Preloading 0 native plugins for Editor in 0.00 ms.
Unloading 1383 Unused Serialized files (Serialized files now loaded: 0)
System memory in use before: 65.7 MB.
System memory in use after: 65.8 MB.

Unloading 14 unused Assets to reduce memory usage. Loaded Objects now: 1865.
Total: 2.059900 ms (FindLiveObjects: 0.152200 ms CreateObjectMapping: 0.045300 ms MarkObjects: 1.791500 ms  DeleteObjects: 0.069300 ms)

AssetImportParameters requested are different than current active one (requested -> active):
  custom:framework-win-MediaFoundation: 216162199b28c13a410421893ffa2e32 -> 
  custom:video-decoder-ogg-theora: a1e56fd34408186e4bbccfd4996cb3dc -> 
  custom:container-muxer-webm: aa71ff27fc2769a1b78a27578f13a17b -> 
  custom:container-demuxer-webm: 4f35f7cbe854078d1ac9338744f61a02 -> 
  custom:container-demuxer-ogg: 62fdf1f143b41e24485cea50d1cbac27 -> 
  custom:video-encoder-webm-vp8: eb34c28f22e8b96e1ab97ce403110664 -> 
  custom:video-decoder-webm-vp8: 9c59270c3fd7afecdb556c50c9e8de78 -> 
  custom:audio-decoder-ogg-vorbis: bf7c407c2cedff20999df2af8eb42d56 -> 
  custom:audio-encoder-webm-vorbis: bf7c407c2cedff20999df2af8eb42d56 -> 
========================================================================
Received Import Request.
  Time since last request: 717.612729 seconds.
  path: Assets/Scripts/ChangeScene.cs
  artifactKey: Guid(3a393560fbfa3764faf92a7092da997a) Importer(815301076,1909f56bfc062723c751e8b465ee728b)
Start importing Assets/Scripts/ChangeScene.cs using Guid(3a393560fbfa3764faf92a7092da997a) Importer(815301076,1909f56bfc062723c751e8b465ee728b)  -> (artifact id: '4d7e5cea2adad17e6fe441154a6c385f') in 0.006169 seconds 
  Import took 0.010678 seconds .

========================================================================
Received Prepare
Registering precompiled user dll's ...
Registered in 0.005354 seconds.
Begin MonoManager ReloadAssembly
Native extension for WindowsStandalone target not found
Refreshing native plugins compatible for Editor in 0.28 ms, found 2 plugins.
Preloading 0 native plugins for Editor in 0.00 ms.
Mono: successfully reloaded assembly
- Completed reload, in  0.997 seconds
Platform modules already initialized, skipping
Refreshing native plugins compatible for Editor in 0.39 ms, found 2 plugins.
Preloading 0 native plugins for Editor in 0.00 ms.
Unloading 1382 Unused Serialized files (Serialized files now loaded: 0)
System memory in use before: 65.7 MB.
System memory in use after: 65.7 MB.

Unloading 15 unused Assets to reduce memory usage. Loaded Objects now: 1867.
Total: 1.988000 ms (FindLiveObjects: 0.137500 ms CreateObjectMapping: 0.036700 ms MarkObjects: 1.757300 ms  DeleteObjects: 0.055700 ms)

AssetImportParameters requested are different than current active one (requested -> active):
  custom:framework-win-MediaFoundation: 216162199b28c13a410421893ffa2e32 -> 
  custom:video-decoder-ogg-theora: a1e56fd34408186e4bbccfd4996cb3dc -> 
  custom:container-muxer-webm: aa71ff27fc2769a1b78a27578f13a17b -> 
  custom:container-demuxer-webm: 4f35f7cbe854078d1ac9338744f61a02 -> 
  custom:container-demuxer-ogg: 62fdf1f143b41e24485cea50d1cbac27 -> 
  custom:video-encoder-webm-vp8: eb34c28f22e8b96e1ab97ce403110664 -> 
  custom:video-decoder-webm-vp8: 9c59270c3fd7afecdb556c50c9e8de78 -> 
  custom:audio-decoder-ogg-vorbis: bf7c407c2cedff20999df2af8eb42d56 -> 
  custom:audio-encoder-webm-vorbis: bf7c407c2cedff20999df2af8eb42d56 -> 
========================================================================
Received Import Request.
  Time since last request: 26.831554 seconds.
  path: Assets/Scripts/ChangeScene.cs
  artifactKey: Guid(3a393560fbfa3764faf92a7092da997a) Importer(815301076,1909f56bfc062723c751e8b465ee728b)
Start importing Assets/Scripts/ChangeScene.cs using Guid(3a393560fbfa3764faf92a7092da997a) Importer(815301076,1909f56bfc062723c751e8b465ee728b)  -> (artifact id: '60dceb83191d2e419ede4b33ced902d6') in 0.005594 seconds 
  Import took 0.010230 seconds .

========================================================================
Received Prepare
Registering precompiled user dll's ...
Registered in 0.005753 seconds.
Begin MonoManager ReloadAssembly
Native extension for WindowsStandalone target not found
Refreshing native plugins compatible for Editor in 0.28 ms, found 2 plugins.
Preloading 0 native plugins for Editor in 0.00 ms.
Mono: successfully reloaded assembly
- Completed reload, in  0.977 seconds
Platform modules already initialized, skipping
Refreshing native plugins compatible for Editor in 0.29 ms, found 2 plugins.
Preloading 0 native plugins for Editor in 0.00 ms.
Unloading 1382 Unused Serialized files (Serialized files now loaded: 0)
System memory in use before: 65.7 MB.
System memory in use after: 65.7 MB.

Unloading 14 unused Assets to reduce memory usage. Loaded Objects now: 1870.
Total: 1.923800 ms (FindLiveObjects: 0.151200 ms CreateObjectMapping: 0.038600 ms MarkObjects: 1.679600 ms  DeleteObjects: 0.053400 ms)

AssetImportParameters requested are different than current active one (requested -> active):
  custom:framework-win-MediaFoundation: 216162199b28c13a410421893ffa2e32 -> 
  custom:video-decoder-ogg-theora: a1e56fd34408186e4bbccfd4996cb3dc -> 
  custom:container-muxer-webm: aa71ff27fc2769a1b78a27578f13a17b -> 
  custom:container-demuxer-webm: 4f35f7cbe854078d1ac9338744f61a02 -> 
  custom:container-demuxer-ogg: 62fdf1f143b41e24485cea50d1cbac27 -> 
  custom:video-encoder-webm-vp8: eb34c28f22e8b96e1ab97ce403110664 -> 
  custom:video-decoder-webm-vp8: 9c59270c3fd7afecdb556c50c9e8de78 -> 
  custom:audio-decoder-ogg-vorbis: bf7c407c2cedff20999df2af8eb42d56 -> 
  custom:audio-encoder-webm-vorbis: bf7c407c2cedff20999df2af8eb42d56 -> 
========================================================================
Received Import Request.
  Time since last request: 115.141481 seconds.
  path: Assets/Scripts/MudaCena.cs
  artifactKey: Guid(ee01df342e2dfa545ba7d083c8a4deda) Importer(815301076,1909f56bfc062723c751e8b465ee728b)
Start importing Assets/Scripts/MudaCena.cs using Guid(ee01df342e2dfa545ba7d083c8a4deda) Importer(815301076,1909f56bfc062723c751e8b465ee728b)  -> (artifact id: '8240138e7fd8a65bbd0a9b3d285da955') in 0.005359 seconds 
  Import took 0.010191 seconds .

========================================================================
Received Prepare
Registering precompiled user dll's ...
Registered in 0.005469 seconds.
Begin MonoManager ReloadAssembly
Native extension for WindowsStandalone target not found
Refreshing native plugins compatible for Editor in 0.29 ms, found 2 plugins.
Preloading 0 native plugins for Editor in 0.00 ms.
Mono: successfully reloaded assembly
- Completed reload, in  1.031 seconds
Platform modules already initialized, skipping
Refreshing native plugins compatible for Editor in 0.40 ms, found 2 plugins.
Preloading 0 native plugins for Editor in 0.00 ms.
Unloading 1383 Unused Serialized files (Serialized files now loaded: 0)
System memory in use before: 65.7 MB.
System memory in use after: 65.8 MB.

Unloading 14 unused Assets to reduce memory usage. Loaded Objects now: 1874.
Total: 2.098600 ms (FindLiveObjects: 0.140800 ms CreateObjectMapping: 0.040200 ms MarkObjects: 1.864300 ms  DeleteObjects: 0.052500 ms)

AssetImportParameters requested are different than current active one (requested -> active):
  custom:framework-win-MediaFoundation: 216162199b28c13a410421893ffa2e32 -> 
  custom:video-decoder-ogg-theora: a1e56fd34408186e4bbccfd4996cb3dc -> 
  custom:container-muxer-webm: aa71ff27fc2769a1b78a27578f13a17b -> 
  custom:container-demuxer-webm: 4f35f7cbe854078d1ac9338744f61a02 -> 
  custom:container-demuxer-ogg: 62fdf1f143b41e24485cea50d1cbac27 -> 
  custom:video-encoder-webm-vp8: eb34c28f22e8b96e1ab97ce403110664 -> 
  custom:video-decoder-webm-vp8: 9c59270c3fd7afecdb556c50c9e8de78 -> 
  custom:audio-decoder-ogg-vorbis: bf7c407c2cedff20999df2af8eb42d56 -> 
  custom:audio-encoder-webm-vorbis: bf7c407c2cedff20999df2af8eb42d56 -> 
========================================================================
Received Prepare
Registering precompiled user dll's ...
Registered in 0.006085 seconds.
Begin MonoManager ReloadAssembly
Native extension for WindowsStandalone target not found
Refreshing native plugins compatible for Editor in 0.28 ms, found 2 plugins.
Preloading 0 native plugins for Editor in 0.00 ms.
Mono: successfully reloaded assembly
- Completed reload, in  0.894 seconds
Platform modules already initialized, skipping
Refreshing native plugins compatible for Editor in 0.50 ms, found 2 plugins.
Preloading 0 native plugins for Editor in 0.00 ms.
Unloading 1383 Unused Serialized files (Serialized files now loaded: 0)
System memory in use before: 65.7 MB.
System memory in use after: 65.8 MB.

Unloading 14 unused Assets to reduce memory usage. Loaded Objects now: 1877.
Total: 2.900800 ms (FindLiveObjects: 0.176600 ms CreateObjectMapping: 0.043200 ms MarkObjects: 2.596400 ms  DeleteObjects: 0.083100 ms)

AssetImportParameters requested are different than current active one (requested -> active):
  custom:framework-win-MediaFoundation: 216162199b28c13a410421893ffa2e32 -> 
  custom:video-decoder-ogg-theora: a1e56fd34408186e4bbccfd4996cb3dc -> 
  custom:container-muxer-webm: aa71ff27fc2769a1b78a27578f13a17b -> 
  custom:container-demuxer-webm: 4f35f7cbe854078d1ac9338744f61a02 -> 
  custom:container-demuxer-ogg: 62fdf1f143b41e24485cea50d1cbac27 -> 
  custom:video-encoder-webm-vp8: eb34c28f22e8b96e1ab97ce403110664 -> 
  custom:video-decoder-webm-vp8: 9c59270c3fd7afecdb556c50c9e8de78 -> 
  custom:audio-decoder-ogg-vorbis: bf7c407c2cedff20999df2af8eb42d56 -> 
  custom:audio-encoder-webm-vorbis: bf7c407c2cedff20999df2af8eb42d56 -> 
========================================================================
Received Import Request.
  Time since last request: 27.989523 seconds.
  path: Assets/Scripts/MudaCena.cs
  artifactKey: Guid(ee01df342e2dfa545ba7d083c8a4deda) Importer(815301076,1909f56bfc062723c751e8b465ee728b)
Start importing Assets/Scripts/MudaCena.cs using Guid(ee01df342e2dfa545ba7d083c8a4deda) Importer(815301076,1909f56bfc062723c751e8b465ee728b)  -> (artifact id: 'c3e6239357bedea5af4cd46c7940cb81') in 0.005728 seconds 
  Import took 0.010140 seconds .

========================================================================
Received Import Request.
  Time since last request: 14.412527 seconds.
  path: Assets/Scenes
  artifactKey: Guid(1b1b1466c26ea064d914959f7a9a560e) Importer(815301076,1909f56bfc062723c751e8b465ee728b)
Start importing Assets/Scenes using Guid(1b1b1466c26ea064d914959f7a9a560e) Importer(815301076,1909f56bfc062723c751e8b465ee728b)  -> (artifact id: '862f0021c30dcf7eab0a093cf9bf9d0b') in 0.003377 seconds 
  Import took 0.008199 seconds .

========================================================================
Received Import Request.
  Time since last request: 7.524879 seconds.
  path: Assets/Scenes/Credits.unity
  artifactKey: Guid(c4cd235217127544ba0460f43034ed17) Importer(815301076,1909f56bfc062723c751e8b465ee728b)
Start importing Assets/Scenes/Credits.unity using Guid(c4cd235217127544ba0460f43034ed17) Importer(815301076,1909f56bfc062723c751e8b465ee728b)  -> (artifact id: '1d920db15376410c63c992b27981216a') in 0.023870 seconds 
  Import took 0.027745 seconds .

========================================================================
Received Import Request.
  Time since last request: 17.347699 seconds.
  path: Assets/Scenes/Game.unity
  artifactKey: Guid(3049a68f81d08b541a6df6bf8602f7d0) Importer(815301076,1909f56bfc062723c751e8b465ee728b)
Start importing Assets/Scenes/Game.unity using Guid(3049a68f81d08b541a6df6bf8602f7d0) Importer(815301076,1909f56bfc062723c751e8b465ee728b)  -> (artifact id: '1ce62fe7c2ff6202ef5ec55fcae2ec81') in 0.003424 seconds 
  Import took 0.009345 seconds .

========================================================================
Received Import Request.
  Time since last request: 13.175198 seconds.
  path: Assets/Scenes/Options.unity
  artifactKey: Guid(8cd925eb580815449be51232a48587bf) Importer(815301076,1909f56bfc062723c751e8b465ee728b)
Start importing Assets/Scenes/Options.unity using Guid(8cd925eb580815449be51232a48587bf) Importer(815301076,1909f56bfc062723c751e8b465ee728b)  -> (artifact id: 'ced1c96db48b629a9cb298a05d64fabb') in 0.003677 seconds 
  Import took 0.008311 seconds .

========================================================================
Received Import Request.
  Time since last request: 22.183163 seconds.
  path: Assets/Scenes/Menu.unity
  artifactKey: Guid(c0aa6e20b0e3b9a4eba7a7099b92c23c) Importer(815301076,1909f56bfc062723c751e8b465ee728b)
Start importing Assets/Scenes/Menu.unity using Guid(c0aa6e20b0e3b9a4eba7a7099b92c23c) Importer(815301076,1909f56bfc062723c751e8b465ee728b)  -> (artifact id: 'b395c132cadcfaeb6a722e963d736256') in 0.003229 seconds 
  Import took 0.008116 seconds .

========================================================================
Received Import Request.
  Time since last request: 1.096711 seconds.
  path: Assets/Scenes/Intro.unity
  artifactKey: Guid(9fc0d4010bbf28b4594072e72b8655ab) Importer(815301076,1909f56bfc062723c751e8b465ee728b)
Start importing Assets/Scenes/Intro.unity using Guid(9fc0d4010bbf28b4594072e72b8655ab) Importer(815301076,1909f56bfc062723c751e8b465ee728b)  -> (artifact id: '74c16877ecc156025842ad20923a7960') in 0.002400 seconds 
  Import took 0.006652 seconds .

========================================================================
Received Import Request.
  Time since last request: 24.919598 seconds.
  path: Assets/Scenes/Intro 1.unity
  artifactKey: Guid(ec4c47b9415975f46a7820b0867aad0a) Importer(815301076,1909f56bfc062723c751e8b465ee728b)
Start importing Assets/Scenes/Intro 1.unity using Guid(ec4c47b9415975f46a7820b0867aad0a) Importer(815301076,1909f56bfc062723c751e8b465ee728b)  -> (artifact id: '0333ae309d05a8f583d058ca5993e7de') in 0.002825 seconds 
  Import took 0.007180 seconds .

========================================================================
Received Import Request.
  Time since last request: 9.083813 seconds.
  path: Assets/Scenes/Game.unity
  artifactKey: Guid(ec4c47b9415975f46a7820b0867aad0a) Importer(815301076,1909f56bfc062723c751e8b465ee728b)
Start importing Assets/Scenes/Game.unity using Guid(ec4c47b9415975f46a7820b0867aad0a) Importer(815301076,1909f56bfc062723c751e8b465ee728b)  -> (artifact id: '96bd636c4d55f9eb4c2c115b95f2e574') in 0.002690 seconds 
  Import took 0.006135 seconds .

========================================================================
Received Import Request.
  Time since last request: 23.382756 seconds.
  path: Assets/Scenes/Intro.unity
  artifactKey: Guid(9fc0d4010bbf28b4594072e72b8655ab) Importer(815301076,1909f56bfc062723c751e8b465ee728b)
Start importing Assets/Scenes/Intro.unity using Guid(9fc0d4010bbf28b4594072e72b8655ab) Importer(815301076,1909f56bfc062723c751e8b465ee728b)  -> (artifact id: '8e4b80bc632c3254554fa4644bf6724b') in 0.002958 seconds 
  Import took 0.007719 seconds .

========================================================================
Received Import Request.
  Time since last request: 1.580011 seconds.
  path: Assets/Scenes/Intro 1.unity
  artifactKey: Guid(8db7ed09478a9dd46ac93e107332ca7e) Importer(815301076,1909f56bfc062723c751e8b465ee728b)
Start importing Assets/Scenes/Intro 1.unity using Guid(8db7ed09478a9dd46ac93e107332ca7e) Importer(815301076,1909f56bfc062723c751e8b465ee728b)  -> (artifact id: 'c543d7910bafefb87d511ad3cc633575') in 0.003559 seconds 
  Import took 0.009305 seconds .

========================================================================
Received Import Request.
  Time since last request: 21.006717 seconds.
  path: Assets/Scenes/Game.unity
  artifactKey: Guid(8db7ed09478a9dd46ac93e107332ca7e) Importer(815301076,1909f56bfc062723c751e8b465ee728b)
Start importing Assets/Scenes/Game.unity using Guid(8db7ed09478a9dd46ac93e107332ca7e) Importer(815301076,1909f56bfc062723c751e8b465ee728b)  -> (artifact id: '5955222c25d85bf3f505a9d85b5da824') in 0.003683 seconds 
  Import took 0.010170 seconds .

========================================================================
Received Import Request.
  Time since last request: 9.677336 seconds.
  path: Assets/Scenes/Intro 1.unity
  artifactKey: Guid(16ba1eb02a3149847a39f4539da2a6bb) Importer(815301076,1909f56bfc062723c751e8b465ee728b)
Start importing Assets/Scenes/Intro 1.unity using Guid(16ba1eb02a3149847a39f4539da2a6bb) Importer(815301076,1909f56bfc062723c751e8b465ee728b)  -> (artifact id: '737795191406c7a6896cffc13135f1e4') in 0.002761 seconds 
  Import took 0.007300 seconds .

========================================================================
Received Import Request.
  Time since last request: 14.805169 seconds.
  path: Assets/Scenes/Game.unity
  artifactKey: Guid(16ba1eb02a3149847a39f4539da2a6bb) Importer(815301076,1909f56bfc062723c751e8b465ee728b)
Start importing Assets/Scenes/Game.unity using Guid(16ba1eb02a3149847a39f4539da2a6bb) Importer(815301076,1909f56bfc062723c751e8b465ee728b)  -> (artifact id: '8ab565b49fcd775edf0852f928bec684') in 0.003025 seconds 
  Import took 0.008838 seconds .

========================================================================
Received Import Request.
  Time since last request: 17.055101 seconds.
  path: Assets/Scenes/Game 1.unity
  artifactKey: Guid(b1592a3b1b755b24b9b5936d1ee96579) Importer(815301076,1909f56bfc062723c751e8b465ee728b)
Start importing Assets/Scenes/Game 1.unity using Guid(b1592a3b1b755b24b9b5936d1ee96579) Importer(815301076,1909f56bfc062723c751e8b465ee728b)  -> (artifact id: 'b301d74d543b0d81afeb9d6a1a33c868') in 0.003647 seconds 
  Import took 0.009241 seconds .

========================================================================
Received Import Request.
  Time since last request: 4.217792 seconds.
  path: Assets/Scenes/Game.unity
  artifactKey: Guid(16ba1eb02a3149847a39f4539da2a6bb) Importer(815301076,1909f56bfc062723c751e8b465ee728b)
Start importing Assets/Scenes/Game.unity using Guid(16ba1eb02a3149847a39f4539da2a6bb) Importer(815301076,1909f56bfc062723c751e8b465ee728b)  -> (artifact id: '541f975ec51a37f6e7468f855ced996e') in 0.002502 seconds 
  Import took 0.007434 seconds .

========================================================================
Received Import Request.
  Time since last request: 11.325658 seconds.
  path: Assets/Scenes/Options.unity
  artifactKey: Guid(b1592a3b1b755b24b9b5936d1ee96579) Importer(815301076,1909f56bfc062723c751e8b465ee728b)
Start importing Assets/Scenes/Options.unity using Guid(b1592a3b1b755b24b9b5936d1ee96579) Importer(815301076,1909f56bfc062723c751e8b465ee728b)  -> (artifact id: '7c16e3e8b720813b9b5e437ad69d4d06') in 0.002756 seconds 
  Import took 0.006724 seconds .

========================================================================
Received Import Request.
  Time since last request: 8.393119 seconds.
  path: Assets/Scenes/Game 1.unity
  artifactKey: Guid(60c104b51de57a04c8539ad7516d75e9) Importer(815301076,1909f56bfc062723c751e8b465ee728b)
Start importing Assets/Scenes/Game 1.unity using Guid(60c104b51de57a04c8539ad7516d75e9) Importer(815301076,1909f56bfc062723c751e8b465ee728b)  -> (artifact id: 'e6ec08e5717640f9613ff4ea6f482147') in 0.003340 seconds 
  Import took 0.007589 seconds .

========================================================================
Received Import Request.
  Time since last request: 15.998144 seconds.
  path: Assets/Scenes/Options.unity
  artifactKey: Guid(60c104b51de57a04c8539ad7516d75e9) Importer(815301076,1909f56bfc062723c751e8b465ee728b)
Start importing Assets/Scenes/Options.unity using Guid(60c104b51de57a04c8539ad7516d75e9) Importer(815301076,1909f56bfc062723c751e8b465ee728b)  -> (artifact id: '5c2391935a92df9be984f29fec263ec6') in 0.002821 seconds 
  Import took 0.006580 seconds .

========================================================================
Received Import Request.
  Time since last request: 17.098944 seconds.
  path: Assets/Scenes/Game 1.unity
  artifactKey: Guid(28e1265fd2f737d479387b921b09378d) Importer(815301076,1909f56bfc062723c751e8b465ee728b)
Start importing Assets/Scenes/Game 1.unity using Guid(28e1265fd2f737d479387b921b09378d) Importer(815301076,1909f56bfc062723c751e8b465ee728b)  -> (artifact id: '867d591be3ec44458f543b8e8e6f565a') in 0.002342 seconds 
  Import took 0.007059 seconds .

========================================================================
Received Import Request.
  Time since last request: 12.023899 seconds.
  path: Assets/Scenes/Credits.unity
  artifactKey: Guid(28e1265fd2f737d479387b921b09378d) Importer(815301076,1909f56bfc062723c751e8b465ee728b)
Start importing Assets/Scenes/Credits.unity using Guid(28e1265fd2f737d479387b921b09378d) Importer(815301076,1909f56bfc062723c751e8b465ee728b)  -> (artifact id: '83baf58effd14369f8197fedc7f6af3b') in 0.003846 seconds 
  Import took 0.007697 seconds .

========================================================================
Received Import Request.
  Time since last request: 16.831192 seconds.
  path: Assets/Scenes/Credits.unity
  artifactKey: Guid(28e1265fd2f737d479387b921b09378d) Importer(815301076,1909f56bfc062723c751e8b465ee728b)
Start importing Assets/Scenes/Credits.unity using Guid(28e1265fd2f737d479387b921b09378d) Importer(815301076,1909f56bfc062723c751e8b465ee728b)  -> (artifact id: '175a4bb11bf71e7a6ee0f9e4c8b96e0e') in 0.002858 seconds 
  Import took 0.005986 seconds .

========================================================================
Received Import Request.
  Time since last request: 15.202228 seconds.
  path: Assets/Scenes/Options.unity
  artifactKey: Guid(60c104b51de57a04c8539ad7516d75e9) Importer(815301076,1909f56bfc062723c751e8b465ee728b)
Start importing Assets/Scenes/Options.unity using Guid(60c104b51de57a04c8539ad7516d75e9) Importer(815301076,1909f56bfc062723c751e8b465ee728b)  -> (artifact id: 'e49eea0d4515b24f0b573fdd5ff06180') in 0.003198 seconds 
  Import took 0.006058 seconds .

========================================================================
Received Import Request.
  Time since last request: 4.864608 seconds.
  path: Assets/Scenes/Intro 1.unity
  artifactKey: Guid(54b40dd872b16bf4892977759296dc95) Importer(815301076,1909f56bfc062723c751e8b465ee728b)
Start importing Assets/Scenes/Intro 1.unity using Guid(54b40dd872b16bf4892977759296dc95) Importer(815301076,1909f56bfc062723c751e8b465ee728b)  -> (artifact id: '4c5adad070b1552a611a3e7a1f6d68a6') in 0.002819 seconds 
  Import took 0.005801 seconds .

========================================================================
Received Import Request.
  Time since last request: 2.529733 seconds.
  path: Assets/Scenes/Intro 2.unity
  artifactKey: Guid(09e45d686da1eee4bbe7b9fba874fd34) Importer(815301076,1909f56bfc062723c751e8b465ee728b)
Start importing Assets/Scenes/Intro 2.unity using Guid(09e45d686da1eee4bbe7b9fba874fd34) Importer(815301076,1909f56bfc062723c751e8b465ee728b)  -> (artifact id: 'ba20db2dbe6775e976c470165a236ac1') in 0.002960 seconds 
  Import took 0.005824 seconds .

========================================================================
Received Import Request.
  Time since last request: 0.388130 seconds.
  path: Assets/Scenes/Intro 3.unity
  artifactKey: Guid(e4056e273ea6baa45ab73c01d8b6741e) Importer(815301076,1909f56bfc062723c751e8b465ee728b)
Start importing Assets/Scenes/Intro 3.unity using Guid(e4056e273ea6baa45ab73c01d8b6741e) Importer(815301076,1909f56bfc062723c751e8b465ee728b)  -> (artifact id: 'ab09415a6e5debefcaa6cf66a5bc768c') in 0.002732 seconds 
  Import took 0.005758 seconds .

========================================================================
Received Import Request.
  Time since last request: 23.074138 seconds.
  path: Assets/Scenes/Game.unity
  artifactKey: Guid(54b40dd872b16bf4892977759296dc95) Importer(815301076,1909f56bfc062723c751e8b465ee728b)
Start importing Assets/Scenes/Game.unity using Guid(54b40dd872b16bf4892977759296dc95) Importer(815301076,1909f56bfc062723c751e8b465ee728b)  -> (artifact id: '0e71bd02461ee79e5359a8a48e0fad42') in 0.002806 seconds 
  Import took 0.008661 seconds .

========================================================================
Received Import Request.
  Time since last request: 56.262692 seconds.
  path: Assets/Scenes/Game.unity
  artifactKey: Guid(09e45d686da1eee4bbe7b9fba874fd34) Importer(815301076,1909f56bfc062723c751e8b465ee728b)
Start importing Assets/Scenes/Game.unity using Guid(09e45d686da1eee4bbe7b9fba874fd34) Importer(815301076,1909f56bfc062723c751e8b465ee728b)  -> (artifact id: '096998f9b89e47aebf6fca3b3c65c377') in 0.004135 seconds 
  Import took 0.011863 seconds .

========================================================================
Received Import Request.
  Time since last request: 66.899655 seconds.
  path: Assets/TextMesh Pro/Resources/Style Sheets/Default Style Sheet.asset
  artifactKey: Guid(f952c082cb03451daed3ee968ac6c63e) Importer(815301076,1909f56bfc062723c751e8b465ee728b)
Start importing Assets/TextMesh Pro/Resources/Style Sheets/Default Style Sheet.asset using Guid(f952c082cb03451daed3ee968ac6c63e) Importer(815301076,1909f56bfc062723c751e8b465ee728b)  -> (artifact id: '99846f5a5cef2b9fb3476a6a84d35918') in 0.029693 seconds 
  Import took 0.033667 seconds .

========================================================================
Received Import Request.
  Time since last request: 0.000353 seconds.
  path: Assets/TextMesh Pro/Resources/Sprite Assets/EmojiOne.asset
  artifactKey: Guid(c41005c129ba4d66911b75229fd70b45) Importer(815301076,1909f56bfc062723c751e8b465ee728b)
Start importing Assets/TextMesh Pro/Resources/Sprite Assets/EmojiOne.asset using Guid(c41005c129ba4d66911b75229fd70b45) Importer(815301076,1909f56bfc062723c751e8b465ee728b)  -> (artifact id: '093a2cdfc4701742cd4e2e9653a3929b') in 0.011798 seconds 
  Import took 0.015870 seconds .

========================================================================
Received Import Request.
  Time since last request: 0.000353 seconds.
  path: Assets/TextMesh Pro/Sprites/EmojiOne.png
  artifactKey: Guid(dffef66376be4fa480fb02b19edbe903) Importer(815301076,1909f56bfc062723c751e8b465ee728b)
Start importing Assets/TextMesh Pro/Sprites/EmojiOne.png using Guid(dffef66376be4fa480fb02b19edbe903) Importer(815301076,1909f56bfc062723c751e8b465ee728b)  -> (artifact id: 'd78a27303d38c5bc73b55289faa0930d') in 0.182756 seconds 
  Import took 0.187260 seconds .

========================================================================
Received Import Request.
  Time since last request: 8.478220 seconds.
  path: Assets/TextMesh Pro/Fonts/LiberationSans.ttf
  artifactKey: Guid(e3265ab4bf004d28a9537516768c1c75) Importer(815301076,1909f56bfc062723c751e8b465ee728b)
Start importing Assets/TextMesh Pro/Fonts/LiberationSans.ttf using Guid(e3265ab4bf004d28a9537516768c1c75) Importer(815301076,1909f56bfc062723c751e8b465ee728b)  -> (artifact id: 'bdddd331c3f1b7826858a8d92db67e39') in 0.209203 seconds 
  Import took 0.212514 seconds .

========================================================================
Received Import Request.
  Time since last request: 0.338561 seconds.
  path: Assets/TextMesh Pro/Resources/Fonts & Materials/LiberationSans SDF.asset
  artifactKey: Guid(8f586378b4e144a9851e7b34d9b748ee) Importer(815301076,1909f56bfc062723c751e8b465ee728b)
Start importing Assets/TextMesh Pro/Resources/Fonts & Materials/LiberationSans SDF.asset using Guid(8f586378b4e144a9851e7b34d9b748ee) Importer(815301076,1909f56bfc062723c751e8b465ee728b)  -> (artifact id: 'f1280cc7be10b532b2897fc8654f95d3') in 0.081179 seconds 
  Import took 0.084700 seconds .

========================================================================
Received Import Request.
  Time since last request: 0.000329 seconds.
  path: Assets/TextMesh Pro/Resources/Fonts & Materials/LiberationSans SDF - Outline.mat
  artifactKey: Guid(79459efec17a4d00a321bdcc27bbc385) Importer(815301076,1909f56bfc062723c751e8b465ee728b)
Start importing Assets/TextMesh Pro/Resources/Fonts & Materials/LiberationSans SDF - Outline.mat using Guid(79459efec17a4d00a321bdcc27bbc385) Importer(815301076,1909f56bfc062723c751e8b465ee728b)  -> (artifact id: '289988fcecf3b00d1602f8d2b589f7dd') in 0.154616 seconds 
  Import took 0.158268 seconds .

========================================================================
Received Import Request.
  Time since last request: 0.000344 seconds.
  path: Assets/TextMesh Pro/Resources/Fonts & Materials/LiberationSans SDF - Fallback.asset
  artifactKey: Guid(2e498d1c8094910479dc3e1b768306a4) Importer(815301076,1909f56bfc062723c751e8b465ee728b)
Start importing Assets/TextMesh Pro/Resources/Fonts & Materials/LiberationSans SDF - Fallback.asset using Guid(2e498d1c8094910479dc3e1b768306a4) Importer(815301076,1909f56bfc062723c751e8b465ee728b)  -> (artifact id: 'b8c2210586957436df79bf961aeff06e') in 0.012308 seconds 
  Import took 0.015149 seconds .

========================================================================
Received Import Request.
  Time since last request: 0.000364 seconds.
  path: Assets/TextMesh Pro/Resources/Fonts & Materials/LiberationSans SDF - Drop Shadow.mat
  artifactKey: Guid(e73a58f6e2794ae7b1b7e50b7fb811b0) Importer(815301076,1909f56bfc062723c751e8b465ee728b)
Start importing Assets/TextMesh Pro/Resources/Fonts & Materials/LiberationSans SDF - Drop Shadow.mat using Guid(e73a58f6e2794ae7b1b7e50b7fb811b0) Importer(815301076,1909f56bfc062723c751e8b465ee728b)  -> (artifact id: 'ca0d2861f60500f05bd29199894f7bb5') in 0.081667 seconds 
  Import took 0.084690 seconds .

========================================================================
Received Prepare
Registering precompiled user dll's ...
Registered in 0.007897 seconds.
Begin MonoManager ReloadAssembly
Native extension for WindowsStandalone target not found
Refreshing native plugins compatible for Editor in 0.28 ms, found 2 plugins.
Preloading 0 native plugins for Editor in 0.00 ms.
Mono: successfully reloaded assembly
- Completed reload, in  1.043 seconds
Platform modules already initialized, skipping
Refreshing native plugins compatible for Editor in 0.30 ms, found 2 plugins.
Preloading 0 native plugins for Editor in 0.00 ms.
Unloading 1383 Unused Serialized files (Serialized files now loaded: 0)
System memory in use before: 69.3 MB.
System memory in use after: 69.4 MB.

Unloading 14 unused Assets to reduce memory usage. Loaded Objects now: 1925.
Total: 1.955300 ms (FindLiveObjects: 0.146800 ms CreateObjectMapping: 0.040900 ms MarkObjects: 1.714700 ms  DeleteObjects: 0.051800 ms)

AssetImportParameters requested are different than current active one (requested -> active):
  custom:framework-win-MediaFoundation: 216162199b28c13a410421893ffa2e32 -> 
  custom:video-decoder-ogg-theora: a1e56fd34408186e4bbccfd4996cb3dc -> 
  custom:container-muxer-webm: aa71ff27fc2769a1b78a27578f13a17b -> 
  custom:container-demuxer-webm: 4f35f7cbe854078d1ac9338744f61a02 -> 
  custom:container-demuxer-ogg: 62fdf1f143b41e24485cea50d1cbac27 -> 
  custom:video-encoder-webm-vp8: eb34c28f22e8b96e1ab97ce403110664 -> 
  custom:video-decoder-webm-vp8: 9c59270c3fd7afecdb556c50c9e8de78 -> 
  custom:audio-decoder-ogg-vorbis: bf7c407c2cedff20999df2af8eb42d56 -> 
  custom:audio-encoder-webm-vorbis: bf7c407c2cedff20999df2af8eb42d56 -> 
========================================================================
Received Prepare
Registering precompiled user dll's ...
Registered in 0.006633 seconds.
Begin MonoManager ReloadAssembly
Native extension for WindowsStandalone target not found
Refreshing native plugins compatible for Editor in 0.27 ms, found 2 plugins.
Preloading 0 native plugins for Editor in 0.00 ms.
Mono: successfully reloaded assembly
- Completed reload, in  1.010 seconds
Platform modules already initialized, skipping
Refreshing native plugins compatible for Editor in 0.32 ms, found 2 plugins.
Preloading 0 native plugins for Editor in 0.00 ms.
Unloading 1383 Unused Serialized files (Serialized files now loaded: 0)
System memory in use before: 69.3 MB.
System memory in use after: 69.4 MB.

Unloading 14 unused Assets to reduce memory usage. Loaded Objects now: 1928.
Total: 1.978100 ms (FindLiveObjects: 0.146400 ms CreateObjectMapping: 0.046600 ms MarkObjects: 1.730900 ms  DeleteObjects: 0.053200 ms)

AssetImportParameters requested are different than current active one (requested -> active):
  custom:framework-win-MediaFoundation: 216162199b28c13a410421893ffa2e32 -> 
  custom:video-decoder-ogg-theora: a1e56fd34408186e4bbccfd4996cb3dc -> 
  custom:container-muxer-webm: aa71ff27fc2769a1b78a27578f13a17b -> 
  custom:container-demuxer-webm: 4f35f7cbe854078d1ac9338744f61a02 -> 
  custom:container-demuxer-ogg: 62fdf1f143b41e24485cea50d1cbac27 -> 
  custom:video-encoder-webm-vp8: eb34c28f22e8b96e1ab97ce403110664 -> 
  custom:video-decoder-webm-vp8: 9c59270c3fd7afecdb556c50c9e8de78 -> 
  custom:audio-decoder-ogg-vorbis: bf7c407c2cedff20999df2af8eb42d56 -> 
  custom:audio-encoder-webm-vorbis: bf7c407c2cedff20999df2af8eb42d56 -> 
AssetImportWorkerClient::OnTransportError - code=2 error=End of file
